<?xml version="1.0" encoding="UTF-8"?>
<!-- Generated by org.testng.reporters.JUnitXMLReporter -->
<testsuite hostname="GSIPC-5083" ignored="1" name="Default test" tests="4" failures="0" timestamp="2020-11-23T21:26:37 IST" time="56.166" errors="0">
  <testcase name="google" time="10.17" classname="com.selenium.practice.ImageDownload"/>
  <testcase name="flipkart" time="13.22" classname="com.selenium.practice.ImageDownload"/>
  <testcase name="amazon" time="14.393" classname="com.selenium.practice.ImageDownload"/>
  <testcase name="ajio" time="14.699" classname="com.selenium.practice.ImageDownload"/>
  <testcase name="jewelleryroom" time="0.0" classname="com.selenium.practice.ImageDownload">
    <ignored/>
  </testcase> <!-- jewelleryroom -->
</testsuite> <!-- Default test -->
