<?xml version="1.0" encoding="UTF-8"?>
<!-- Generated by org.testng.reporters.JUnitXMLReporter -->
<testsuite hostname="GSIPC-5083" ignored="3" name="Default test" tests="2" failures="0" timestamp="2020-11-02T21:45:37 IST" time="4.303" errors="0">
  <testcase name="tc_01" time="1.41" classname="com.rest.assued.Get_01"/>
  <testcase name="tc_05" time="2.793" classname="com.rest.assued.Get_01"/>
  <testcase name="tc_02" time="0.0" classname="com.rest.assued.Get_01">
    <ignored/>
  </testcase> <!-- tc_02 -->
  <testcase name="tc_03" time="0.0" classname="com.rest.assued.Get_01">
    <ignored/>
  </testcase> <!-- tc_03 -->
  <testcase name="tc_04" time="0.0" classname="com.rest.assued.Get_01">
    <ignored/>
  </testcase> <!-- tc_04 -->
</testsuite> <!-- Default test -->
